[26-Feb-2025 05:30:13 UTC] PHP Warning:  Undefined variable $account_id in /var/www/html/adminSide/StaffLogin/login.php on line 54
[26-Feb-2025 05:30:13 UTC] PHP Warning:  Undefined variable $account_id in /var/www/html/adminSide/StaffLogin/login.php on line 55
[26-Feb-2025 08:32:25 UTC] PHP Fatal error:  Directive 'track_errors' is no longer available in PHP in Unknown on line 0
[26-Feb-2025 08:32:26 UTC] PHP Fatal error:  Directive 'track_errors' is no longer available in PHP in Unknown on line 0
[26-Feb-2025 08:32:27 UTC] PHP Fatal error:  Directive 'track_errors' is no longer available in PHP in Unknown on line 0
[26-Feb-2025 08:32:29 UTC] PHP Fatal error:  Directive 'track_errors' is no longer available in PHP in Unknown on line 0
[26-Feb-2025 08:32:30 UTC] PHP Fatal error:  Directive 'track_errors' is no longer available in PHP in Unknown on line 0
[26-Feb-2025 08:32:33 UTC] PHP Fatal error:  Directive 'track_errors' is no longer available in PHP in Unknown on line 0
[26-Feb-2025 08:32:37 UTC] PHP Fatal error:  Directive 'track_errors' is no longer available in PHP in Unknown on line 0
[26-Feb-2025 08:32:44 UTC] PHP Fatal error:  Directive 'track_errors' is no longer available in PHP in Unknown on line 0
[26-Feb-2025 08:32:58 UTC] PHP Fatal error:  Directive 'track_errors' is no longer available in PHP in Unknown on line 0
[26-Feb-2025 08:33:25 UTC] PHP Fatal error:  Directive 'track_errors' is no longer available in PHP in Unknown on line 0
[26-Feb-2025 08:34:17 UTC] PHP Fatal error:  Directive 'track_errors' is no longer available in PHP in Unknown on line 0
[26-Feb-2025 08:35:18 UTC] PHP Fatal error:  Directive 'track_errors' is no longer available in PHP in Unknown on line 0
[26-Feb-2025 08:36:18 UTC] PHP Fatal error:  Directive 'track_errors' is no longer available in PHP in Unknown on line 0
[26-Feb-2025 08:37:20 UTC] PHP Fatal error:  Directive 'track_errors' is no longer available in PHP in Unknown on line 0
[26-Feb-2025 08:38:21 UTC] PHP Fatal error:  Directive 'track_errors' is no longer available in PHP in Unknown on line 0
[26-Feb-2025 08:39:22 UTC] PHP Fatal error:  Directive 'track_errors' is no longer available in PHP in Unknown on line 0
[26-Feb-2025 08:41:25 UTC] PHP Fatal error:  Directive 'track_errors' is no longer available in PHP in Unknown on line 0
[26-Feb-2025 08:41:26 UTC] PHP Fatal error:  Directive 'track_errors' is no longer available in PHP in Unknown on line 0
[26-Feb-2025 08:41:28 UTC] PHP Fatal error:  Directive 'track_errors' is no longer available in PHP in Unknown on line 0
[26-Feb-2025 08:41:29 UTC] PHP Fatal error:  Directive 'track_errors' is no longer available in PHP in Unknown on line 0
[26-Feb-2025 08:41:31 UTC] PHP Fatal error:  Directive 'track_errors' is no longer available in PHP in Unknown on line 0
[26-Feb-2025 08:41:33 UTC] PHP Fatal error:  Directive 'track_errors' is no longer available in PHP in Unknown on line 0
[26-Feb-2025 08:41:38 UTC] PHP Fatal error:  Directive 'track_errors' is no longer available in PHP in Unknown on line 0
[26-Feb-2025 08:41:45 UTC] PHP Fatal error:  Directive 'track_errors' is no longer available in PHP in Unknown on line 0
[26-Feb-2025 08:41:58 UTC] PHP Fatal error:  Directive 'track_errors' is no longer available in PHP in Unknown on line 0
[26-Feb-2025 08:42:25 UTC] PHP Fatal error:  Directive 'track_errors' is no longer available in PHP in Unknown on line 0
[26-Feb-2025 08:58:58 UTC] PHP Warning:  Undefined array key "reserved_table_id" in /var/www/html/customerSide/CustomerReservation/reservePage.php on line 133
[26-Feb-2025 08:58:58 UTC] PHP Deprecated:  explode(): Passing null to parameter #2 ($string) of type string is deprecated in /var/www/html/customerSide/CustomerReservation/reservePage.php on line 135
[26-Feb-2025 08:58:58 UTC] PHP Fatal error:  Uncaught mysqli_sql_exception: You have an error in your SQL syntax; check the manual that corresponds to your MySQL server version for the right syntax to use near ')' at line 1 in /var/www/html/customerSide/CustomerReservation/reservePage.php:141
Stack trace:
#0 /var/www/html/customerSide/CustomerReservation/reservePage.php(141): mysqli_query(Object(mysqli), 'SELECT * FROM r...')
#1 {main}
  thrown in /var/www/html/customerSide/CustomerReservation/reservePage.php on line 141
[26-Feb-2025 09:01:28 UTC] PHP Warning:  Undefined variable $account_id in /var/www/html/adminSide/StaffLogin/login.php on line 54
[26-Feb-2025 09:01:28 UTC] PHP Warning:  Undefined variable $account_id in /var/www/html/adminSide/StaffLogin/login.php on line 55
[26-Feb-2025 09:01:34 UTC] PHP Warning:  Undefined variable $account_id in /var/www/html/adminSide/StaffLogin/login.php on line 54
[26-Feb-2025 09:01:34 UTC] PHP Warning:  Undefined variable $account_id in /var/www/html/adminSide/StaffLogin/login.php on line 55
[26-Feb-2025 09:01:45 UTC] PHP Warning:  Undefined variable $account_id in /var/www/html/adminSide/StaffLogin/login.php on line 54
[26-Feb-2025 09:01:45 UTC] PHP Warning:  Undefined variable $account_id in /var/www/html/adminSide/StaffLogin/login.php on line 55
[26-Feb-2025 09:13:04 UTC] PHP Warning:  Undefined variable $account_id in /var/www/html/adminSide/StaffLogin/login.php on line 54
[26-Feb-2025 09:13:04 UTC] PHP Warning:  Undefined variable $account_id in /var/www/html/adminSide/StaffLogin/login.php on line 55
